<?xml version="1.0" encoding="UTF-8"?>
<robot generator="Robot 6.1 (Python 3.10.6 on linux)" generated="20230716 19:09:53.618" rpa="false" schemaversion="4">
<suite id="s1" name="Som" source="/home/kosciej/repos/other/playground/python/3rd/robot/som.robot">
<test id="s1-t1" name="Valid Login" line="2">
<kw name="Open Login Page">
<msg timestamp="20230716 19:09:53.638" level="FAIL">No keyword with name 'Open Login Page' found.</msg>
<status status="FAIL" starttime="20230716 19:09:53.638" endtime="20230716 19:09:53.638"/>
</kw>
<kw name="Input Username">
<arg>demo</arg>
<status status="NOT RUN" starttime="20230716 19:09:53.639" endtime="20230716 19:09:53.639"/>
</kw>
<kw name="Input Password">
<arg>mode</arg>
<status status="NOT RUN" starttime="20230716 19:09:53.640" endtime="20230716 19:09:53.640"/>
</kw>
<kw name="Submit Credentials">
<status status="NOT RUN" starttime="20230716 19:09:53.641" endtime="20230716 19:09:53.642"/>
</kw>
<kw name="Welcome Page Should Be Open">
<status status="NOT RUN" starttime="20230716 19:09:53.643" endtime="20230716 19:09:53.643"/>
</kw>
<status status="FAIL" starttime="20230716 19:09:53.636" endtime="20230716 19:09:53.643">No keyword with name 'Open Login Page' found.</status>
</test>
<test id="s1-t2" name="Setting Variables" line="9">
<kw name="Do Something">
<arg>first argument</arg>
<arg>second argument</arg>
<msg timestamp="20230716 19:09:53.644" level="FAIL">No keyword with name 'Do Something' found.</msg>
<status status="FAIL" starttime="20230716 19:09:53.644" endtime="20230716 19:09:53.644"/>
</kw>
<kw name="Get Some Value">
<var>${value}</var>
<status status="NOT RUN" starttime="20230716 19:09:53.645" endtime="20230716 19:09:53.645"/>
</kw>
<kw name="Should Be Equal" library="BuiltIn">
<arg>${value}</arg>
<arg>Expected value</arg>
<doc>Fails if the given objects are unequal.</doc>
<status status="NOT RUN" starttime="20230716 19:09:53.646" endtime="20230716 19:09:53.646"/>
</kw>
<status status="FAIL" starttime="20230716 19:09:53.643" endtime="20230716 19:09:53.646">No keyword with name 'Do Something' found.</status>
</test>
<status status="FAIL" starttime="20230716 19:09:53.619" endtime="20230716 19:09:53.646"/>
</suite>
<statistics>
<total>
<stat pass="0" fail="2" skip="0">All Tests</stat>
</total>
<tag>
</tag>
<suite>
<stat pass="0" fail="2" skip="0" id="s1" name="Som">Som</stat>
</suite>
</statistics>
<errors>
</errors>
</robot>
